Exception in thread "AWT-EventQueue-0" java.lang.ExceptionInInitializerError
	at com.edusys.JFrame.MainJFrame.init(MainJFrame.java:865)
	at com.edusys.JFrame.MainJFrame.<init>(MainJFrame.java:39)
	at com.edusys.JFrame.MainJFrame$24.run(MainJFrame.java:801)
	at java.awt.event.InvocationEvent.dispatch(Unknown Source)
	at java.awt.EventQueue.dispatchEventImpl(Unknown Source)
	at java.awt.EventQueue.access$500(Unknown Source)
	at java.awt.EventQueue$3.run(Unknown Source)
	at java.awt.EventQueue$3.run(Unknown Source)
	at java.security.AccessController.doPrivileged(Native Method)
	at java.security.ProtectionDomain$JavaSecurityAccessImpl.doIntersectionPrivilege(Unknown Source)
	at java.awt.EventQueue.dispatchEvent(Unknown Source)
	at java.awt.EventDispatchThread.pumpOneEventForFilters(Unknown Source)
	at java.awt.EventDispatchThread.pumpEventsForFilter(Unknown Source)
	at java.awt.EventDispatchThread.pumpEventsForHierarchy(Unknown Source)
	at java.awt.EventDispatchThread.pumpEvents(Unknown Source)
	at java.awt.EventDispatchThread.pumpEvents(Unknown Source)
	at java.awt.EventDispatchThread.run(Unknown Source)
Caused by: java.lang.NullPointerException
	at javax.swing.ImageIcon.<init>(Unknown Source)
	at com.edusys.helper.ShareHelper.<clinit>(ShareHelper.java:27)
	... 17 more
